{"name":"Exploit Finder","hostname":"example2.com","pid":7181,"level":30,"msg":"Logger created for /app/polarity-server/integrations/exploit-finder","time":"2021-03-02T20:14:32.494Z","v":0}
{"name":"Exploit Finder","hostname":"example2.com","pid":7181,"level":30,"msg":"Calling integration's startup function.","time":"2021-03-02T20:14:32.494Z","v":0}
{"name":"Exploit Finder","hostname":"example2.com","pid":7181,"level":30,"msg":"Integration started.","time":"2021-03-02T20:14:32.494Z","v":0}
{"name":"Exploit Finder","hostname":"example2.com","pid":7181,"level":30,"NODE_TLS_REJECT_UNAUTHORIZED":"1","msg":"Integration Environment Variables","time":"2021-03-02T20:14:32.494Z","v":0}
{"name":"Exploit Finder","hostname":"example2.com","pid":8333,"level":30,"msg":"Logger created for /app/polarity-server/integrations/exploit-finder","time":"2021-03-02T21:58:27.558Z","v":0}
{"name":"Exploit Finder","hostname":"example2.com","pid":8333,"level":30,"msg":"Calling integration's startup function.","time":"2021-03-02T21:58:27.558Z","v":0}
{"name":"Exploit Finder","hostname":"example2.com","pid":8333,"level":30,"msg":"Integration started.","time":"2021-03-02T21:58:27.558Z","v":0}
{"name":"Exploit Finder","hostname":"example2.com","pid":8333,"level":30,"NODE_TLS_REJECT_UNAUTHORIZED":"1","msg":"Integration Environment Variables","time":"2021-03-02T21:58:27.559Z","v":0}
{"name":"Exploit Finder","hostname":"example2.com","pid":8364,"level":30,"msg":"Logger created for /app/polarity-server/integrations/exploit-finder","time":"2021-03-02T22:00:08.556Z","v":0}
{"name":"Exploit Finder","hostname":"example2.com","pid":8364,"level":30,"msg":"Calling integration's startup function.","time":"2021-03-02T22:00:08.556Z","v":0}
{"name":"Exploit Finder","hostname":"example2.com","pid":8364,"level":30,"msg":"Integration started.","time":"2021-03-02T22:00:08.556Z","v":0}
{"name":"Exploit Finder","hostname":"example2.com","pid":8364,"level":30,"NODE_TLS_REJECT_UNAUTHORIZED":"1","msg":"Integration Environment Variables","time":"2021-03-02T22:00:08.556Z","v":0}
{"name":"Exploit Finder","hostname":"example2.com","pid":8411,"level":30,"msg":"Logger created for /app/polarity-server/integrations/exploit-finder","time":"2021-03-02T22:05:53.673Z","v":0}
{"name":"Exploit Finder","hostname":"example2.com","pid":8411,"level":30,"msg":"Calling integration's startup function.","time":"2021-03-02T22:05:53.673Z","v":0}
{"name":"Exploit Finder","hostname":"example2.com","pid":8411,"level":30,"msg":"Integration started.","time":"2021-03-02T22:05:53.674Z","v":0}
{"name":"Exploit Finder","hostname":"example2.com","pid":8411,"level":30,"NODE_TLS_REJECT_UNAUTHORIZED":"1","msg":"Integration Environment Variables","time":"2021-03-02T22:05:53.674Z","v":0}
{"name":"Exploit Finder","hostname":"example2.com","pid":8454,"level":30,"msg":"Logger created for /app/polarity-server/integrations/exploit-finder","time":"2021-03-02T22:14:58.362Z","v":0}
{"name":"Exploit Finder","hostname":"example2.com","pid":8454,"level":30,"msg":"Calling integration's startup function.","time":"2021-03-02T22:14:58.362Z","v":0}
{"name":"Exploit Finder","hostname":"example2.com","pid":8454,"level":30,"msg":"Integration started.","time":"2021-03-02T22:14:58.362Z","v":0}
{"name":"Exploit Finder","hostname":"example2.com","pid":8454,"level":30,"NODE_TLS_REJECT_UNAUTHORIZED":"1","msg":"Integration Environment Variables","time":"2021-03-02T22:14:58.362Z","v":0}
{"name":"Exploit Finder","hostname":"example2.com","pid":9553,"level":30,"msg":"Logger created for /app/polarity-server/integrations/exploit-finder","time":"2021-03-03T03:46:52.115Z","v":0}
{"name":"Exploit Finder","hostname":"example2.com","pid":9553,"level":30,"msg":"Calling integration's startup function.","time":"2021-03-03T03:46:52.115Z","v":0}
{"name":"Exploit Finder","hostname":"example2.com","pid":9553,"level":30,"msg":"Integration started.","time":"2021-03-03T03:46:52.116Z","v":0}
{"name":"Exploit Finder","hostname":"example2.com","pid":9553,"level":30,"NODE_TLS_REJECT_UNAUTHORIZED":"1","msg":"Integration Environment Variables","time":"2021-03-03T03:46:52.116Z","v":0}
{"name":"Exploit Finder","hostname":"example2.com","pid":9635,"level":30,"msg":"Logger created for /app/polarity-server/integrations/exploit-finder","time":"2021-03-03T03:56:57.040Z","v":0}
{"name":"Exploit Finder","hostname":"example2.com","pid":9635,"level":30,"msg":"Calling integration's startup function.","time":"2021-03-03T03:56:57.041Z","v":0}
{"name":"Exploit Finder","hostname":"example2.com","pid":9635,"level":30,"msg":"Integration started.","time":"2021-03-03T03:56:57.041Z","v":0}
{"name":"Exploit Finder","hostname":"example2.com","pid":9635,"level":30,"NODE_TLS_REJECT_UNAUTHORIZED":"1","msg":"Integration Environment Variables","time":"2021-03-03T03:56:57.041Z","v":0}
{"name":"Exploit Finder","hostname":"example2.com","pid":9635,"level":50,"err":{"message":"query.startsWith(...).replace is not a function","name":"TypeError","stack":"TypeError: query.startsWith(...).replace is not a function\n    at _createQuery (/app/polarity-server/integrations/exploit-finder/integration.js:51:32)\n    at _searchEntity (/app/polarity-server/integrations/exploit-finder/integration.js:72:10)\n    at /app/polarity-server/integrations/exploit-finder/integration.js:124:7\n    at /app/polarity-server/integrations/exploit-finder/node_modules/async/dist/async.js:2948:28\n    at replenish (/app/polarity-server/integrations/exploit-finder/node_modules/async/dist/async.js:440:21)\n    at /app/polarity-server/integrations/exploit-finder/node_modules/async/dist/async.js:445:13\n    at /app/polarity-server/integrations/exploit-finder/node_modules/async/dist/async.js:2947:9\n    at awaitable (/app/polarity-server/integrations/exploit-finder/node_modules/async/dist/async.js:208:32)\n    at Object.parallelLimit (/app/polarity-server/integrations/exploit-finder/node_modules/async/dist/async.js:3053:16)\n    at Object.doLookup (/app/polarity-server/integrations/exploit-finder/integration.js:128:9)"},"msg":"Handling Uncaught Exception with Integration Logger: uncaughtException","time":"2021-03-03T03:57:05.149Z","v":0}
{"name":"Exploit Finder","hostname":"example2.com","pid":9635,"level":50,"msg":"Error UNCAUGHT_EXCEPTION There was an Uncaught Exception {\n  summary: { title: 'Uncaught Exception', code: 'UNCAUGHT_EXCEPTION' },\n  status: '500',\n  detail: 'There was an Uncaught Exception',\n  debug: {\n    message: 'query.startsWith(...).replace is not a function',\n    stack: 'TypeError: query.startsWith(...).replace is not a function\\n' +\n      '    at _createQuery (/app/polarity-server/integrations/exploit-finder/integration.js:51:32)\\n' +\n      '    at _searchEntity (/app/polarity-server/integrations/exploit-finder/integration.js:72:10)\\n' +\n      '    at /app/polarity-server/integrations/exploit-finder/integration.js:124:7\\n' +\n      '    at /app/polarity-server/integrations/exploit-finder/node_modules/async/dist/async.js:2948:28\\n' +\n      '    at replenish (/app/polarity-server/integrations/exploit-finder/node_modules/async/dist/async.js:440:21)\\n' +\n      '    at /app/polarity-server/integrations/exploit-finder/node_modules/async/dist/async.js:445:13\\n' +\n      '    at /app/polarity-server/integrations/exploit-finder/node_modules/async/dist/async.js:2947:9\\n' +\n      '    at awaitable (/app/polarity-server/integrations/exploit-finder/node_modules/async/dist/async.js:208:32)\\n' +\n      '    at Object.parallelLimit (/app/polarity-server/integrations/exploit-finder/node_modules/async/dist/async.js:3053:16)\\n' +\n      '    at Object.doLookup (/app/polarity-server/integrations/exploit-finder/integration.js:128:9)'\n  }\n}","time":"2021-03-03T03:57:05.151Z","v":0}
{"name":"Exploit Finder","hostname":"example2.com","pid":9649,"level":30,"msg":"Logger created for /app/polarity-server/integrations/exploit-finder","time":"2021-03-03T03:57:35.445Z","v":0}
{"name":"Exploit Finder","hostname":"example2.com","pid":9649,"level":30,"msg":"Calling integration's startup function.","time":"2021-03-03T03:57:35.445Z","v":0}
{"name":"Exploit Finder","hostname":"example2.com","pid":9649,"level":30,"msg":"Integration started.","time":"2021-03-03T03:57:35.446Z","v":0}
{"name":"Exploit Finder","hostname":"example2.com","pid":9649,"level":30,"NODE_TLS_REJECT_UNAUTHORIZED":"1","msg":"Integration Environment Variables","time":"2021-03-03T03:57:35.446Z","v":0}
{"name":"Exploit Finder","hostname":"example2.com","pid":9669,"level":30,"msg":"Logger created for /app/polarity-server/integrations/exploit-finder","time":"2021-03-03T03:58:58.290Z","v":0}
{"name":"Exploit Finder","hostname":"example2.com","pid":9669,"level":30,"msg":"Calling integration's startup function.","time":"2021-03-03T03:58:58.291Z","v":0}
{"name":"Exploit Finder","hostname":"example2.com","pid":9669,"level":30,"msg":"Integration started.","time":"2021-03-03T03:58:58.291Z","v":0}
{"name":"Exploit Finder","hostname":"example2.com","pid":9669,"level":30,"NODE_TLS_REJECT_UNAUTHORIZED":"1","msg":"Integration Environment Variables","time":"2021-03-03T03:58:58.291Z","v":0}
{"name":"Exploit Finder","hostname":"example2.com","pid":9688,"level":30,"msg":"Logger created for /app/polarity-server/integrations/exploit-finder","time":"2021-03-03T04:00:34.234Z","v":0}
{"name":"Exploit Finder","hostname":"example2.com","pid":9688,"level":30,"msg":"Calling integration's startup function.","time":"2021-03-03T04:00:34.234Z","v":0}
{"name":"Exploit Finder","hostname":"example2.com","pid":9688,"level":30,"msg":"Integration started.","time":"2021-03-03T04:00:34.234Z","v":0}
{"name":"Exploit Finder","hostname":"example2.com","pid":9688,"level":30,"NODE_TLS_REJECT_UNAUTHORIZED":"1","msg":"Integration Environment Variables","time":"2021-03-03T04:00:34.234Z","v":0}
{"name":"Exploit Finder","hostname":"example2.com","pid":9927,"level":30,"msg":"Logger created for /app/polarity-server/integrations/exploit-finder","time":"2021-03-03T04:39:55.740Z","v":0}
{"name":"Exploit Finder","hostname":"example2.com","pid":9927,"level":30,"msg":"Calling integration's startup function.","time":"2021-03-03T04:39:55.740Z","v":0}
{"name":"Exploit Finder","hostname":"example2.com","pid":9927,"level":30,"msg":"Integration started.","time":"2021-03-03T04:39:55.740Z","v":0}
{"name":"Exploit Finder","hostname":"example2.com","pid":9927,"level":30,"NODE_TLS_REJECT_UNAUTHORIZED":"1","msg":"Integration Environment Variables","time":"2021-03-03T04:39:55.741Z","v":0}
{"name":"Exploit Finder","hostname":"example2.com","pid":11668,"level":30,"msg":"Logger created for /app/polarity-server/integrations/exploit-finder","time":"2021-03-03T19:35:33.073Z","v":0}
{"name":"Exploit Finder","hostname":"example2.com","pid":11668,"level":30,"msg":"Calling integration's startup function.","time":"2021-03-03T19:35:33.074Z","v":0}
{"name":"Exploit Finder","hostname":"example2.com","pid":11668,"level":30,"msg":"Integration started.","time":"2021-03-03T19:35:33.074Z","v":0}
{"name":"Exploit Finder","hostname":"example2.com","pid":11668,"level":30,"NODE_TLS_REJECT_UNAUTHORIZED":"1","msg":"Integration Environment Variables","time":"2021-03-03T19:35:33.074Z","v":0}
{"name":"Exploit Finder","hostname":"example2.com","pid":13076,"level":30,"msg":"Logger created for /app/polarity-server/integrations/exploit-finder","time":"2021-03-03T21:46:00.579Z","v":0}
{"name":"Exploit Finder","hostname":"example2.com","pid":13076,"level":30,"msg":"Calling integration's startup function.","time":"2021-03-03T21:46:00.579Z","v":0}
{"name":"Exploit Finder","hostname":"example2.com","pid":13076,"level":30,"msg":"Integration started.","time":"2021-03-03T21:46:00.580Z","v":0}
{"name":"Exploit Finder","hostname":"example2.com","pid":13076,"level":30,"NODE_TLS_REJECT_UNAUTHORIZED":"1","msg":"Integration Environment Variables","time":"2021-03-03T21:46:00.580Z","v":0}
{"name":"Exploit Finder","hostname":"example2.com","pid":14284,"level":30,"msg":"Logger created for /app/polarity-server/integrations/exploit-finder","time":"2021-03-03T22:31:06.931Z","v":0}
{"name":"Exploit Finder","hostname":"example2.com","pid":14284,"level":30,"msg":"Calling integration's startup function.","time":"2021-03-03T22:31:06.931Z","v":0}
{"name":"Exploit Finder","hostname":"example2.com","pid":14284,"level":30,"msg":"Integration started.","time":"2021-03-03T22:31:06.931Z","v":0}
{"name":"Exploit Finder","hostname":"example2.com","pid":14284,"level":30,"NODE_TLS_REJECT_UNAUTHORIZED":"1","msg":"Integration Environment Variables","time":"2021-03-03T22:31:06.932Z","v":0}
{"name":"Exploit Finder","hostname":"example2.com","pid":20498,"level":30,"msg":"Logger created for /app/polarity-server/integrations/exploit-finder","time":"2021-03-05T14:30:29.144Z","v":0}
{"name":"Exploit Finder","hostname":"example2.com","pid":20498,"level":30,"msg":"Calling integration's startup function.","time":"2021-03-05T14:30:29.145Z","v":0}
{"name":"Exploit Finder","hostname":"example2.com","pid":20498,"level":30,"msg":"Integration started.","time":"2021-03-05T14:30:29.145Z","v":0}
{"name":"Exploit Finder","hostname":"example2.com","pid":20498,"level":30,"NODE_TLS_REJECT_UNAUTHORIZED":"1","msg":"Integration Environment Variables","time":"2021-03-05T14:30:29.145Z","v":0}
{"name":"Exploit Finder","hostname":"example2.com","pid":22268,"level":30,"msg":"Logger created for /app/polarity-server/integrations/exploit-finder","time":"2021-03-05T18:15:14.649Z","v":0}
{"name":"Exploit Finder","hostname":"example2.com","pid":22268,"level":30,"msg":"Calling integration's startup function.","time":"2021-03-05T18:15:14.649Z","v":0}
{"name":"Exploit Finder","hostname":"example2.com","pid":22268,"level":30,"msg":"Integration started.","time":"2021-03-05T18:15:14.649Z","v":0}
{"name":"Exploit Finder","hostname":"example2.com","pid":22268,"level":30,"NODE_TLS_REJECT_UNAUTHORIZED":"1","msg":"Integration Environment Variables","time":"2021-03-05T18:15:14.649Z","v":0}
{"name":"Exploit Finder","hostname":"example2.com","pid":24486,"level":30,"msg":"Logger created for /app/polarity-server/integrations/exploit-finder","time":"2021-03-08T14:10:26.178Z","v":0}
{"name":"Exploit Finder","hostname":"example2.com","pid":24486,"level":30,"msg":"Calling integration's startup function.","time":"2021-03-08T14:10:26.178Z","v":0}
{"name":"Exploit Finder","hostname":"example2.com","pid":24486,"level":30,"msg":"Integration started.","time":"2021-03-08T14:10:26.178Z","v":0}
{"name":"Exploit Finder","hostname":"example2.com","pid":24486,"level":30,"NODE_TLS_REJECT_UNAUTHORIZED":"1","msg":"Integration Environment Variables","time":"2021-03-08T14:10:26.178Z","v":0}
{"name":"Exploit Finder","hostname":"example2.com","pid":2647,"level":30,"msg":"Logger created for /app/polarity-server/integrations/exploit-finder","time":"2021-03-12T15:28:54.020Z","v":0}
{"name":"Exploit Finder","hostname":"example2.com","pid":2647,"level":30,"msg":"Calling integration's startup function.","time":"2021-03-12T15:28:54.020Z","v":0}
{"name":"Exploit Finder","hostname":"example2.com","pid":2647,"level":30,"msg":"Integration started.","time":"2021-03-12T15:28:54.021Z","v":0}
{"name":"Exploit Finder","hostname":"example2.com","pid":2647,"level":30,"NODE_TLS_REJECT_UNAUTHORIZED":"1","msg":"Integration Environment Variables","time":"2021-03-12T15:28:54.021Z","v":0}
{"name":"Exploit Finder","hostname":"example2.com","pid":12579,"level":30,"msg":"Logger created for /app/polarity-server/integrations/exploit-finder","time":"2021-03-15T14:05:27.148Z","v":0}
{"name":"Exploit Finder","hostname":"example2.com","pid":12579,"level":30,"msg":"Calling integration's startup function.","time":"2021-03-15T14:05:27.148Z","v":0}
{"name":"Exploit Finder","hostname":"example2.com","pid":12579,"level":30,"msg":"Integration started.","time":"2021-03-15T14:05:27.148Z","v":0}
{"name":"Exploit Finder","hostname":"example2.com","pid":12579,"level":30,"NODE_TLS_REJECT_UNAUTHORIZED":"1","msg":"Integration Environment Variables","time":"2021-03-15T14:05:27.148Z","v":0}
{"name":"Exploit Finder","hostname":"example2.com","pid":24907,"level":30,"msg":"Logger created for /app/polarity-server/integrations/exploit-finder","time":"2021-03-18T22:40:18.974Z","v":0}
{"name":"Exploit Finder","hostname":"example2.com","pid":24907,"level":30,"msg":"Calling integration's startup function.","time":"2021-03-18T22:40:18.974Z","v":0}
{"name":"Exploit Finder","hostname":"example2.com","pid":24907,"level":30,"msg":"Integration started.","time":"2021-03-18T22:40:18.975Z","v":0}
{"name":"Exploit Finder","hostname":"example2.com","pid":24907,"level":30,"NODE_TLS_REJECT_UNAUTHORIZED":"1","msg":"Integration Environment Variables","time":"2021-03-18T22:40:18.975Z","v":0}
{"name":"Exploit Finder","hostname":"example2.com","pid":27178,"level":30,"msg":"Logger created for /app/polarity-server/integrations/exploit-finder","time":"2021-03-19T12:59:10.828Z","v":0}
{"name":"Exploit Finder","hostname":"example2.com","pid":27178,"level":30,"msg":"Calling integration's startup function.","time":"2021-03-19T12:59:10.828Z","v":0}
{"name":"Exploit Finder","hostname":"example2.com","pid":27178,"level":30,"msg":"Integration started.","time":"2021-03-19T12:59:10.829Z","v":0}
{"name":"Exploit Finder","hostname":"example2.com","pid":27178,"level":30,"NODE_TLS_REJECT_UNAUTHORIZED":"1","msg":"Integration Environment Variables","time":"2021-03-19T12:59:10.829Z","v":0}
{"name":"Exploit Finder","hostname":"example2.com","pid":27249,"level":30,"msg":"Logger created for /app/polarity-server/integrations/exploit-finder","time":"2021-03-19T13:12:53.004Z","v":0}
{"name":"Exploit Finder","hostname":"example2.com","pid":27249,"level":30,"msg":"Calling integration's startup function.","time":"2021-03-19T13:12:53.005Z","v":0}
{"name":"Exploit Finder","hostname":"example2.com","pid":27249,"level":30,"msg":"Integration started.","time":"2021-03-19T13:12:53.005Z","v":0}
{"name":"Exploit Finder","hostname":"example2.com","pid":27249,"level":30,"NODE_TLS_REJECT_UNAUTHORIZED":"1","msg":"Integration Environment Variables","time":"2021-03-19T13:12:53.005Z","v":0}
{"name":"Exploit Finder","hostname":"example2.com","pid":27294,"level":30,"msg":"Logger created for /app/polarity-server/integrations/exploit-finder","time":"2021-03-19T13:18:45.022Z","v":0}
{"name":"Exploit Finder","hostname":"example2.com","pid":27294,"level":30,"msg":"Calling integration's startup function.","time":"2021-03-19T13:18:45.023Z","v":0}
{"name":"Exploit Finder","hostname":"example2.com","pid":27294,"level":30,"msg":"Integration started.","time":"2021-03-19T13:18:45.023Z","v":0}
{"name":"Exploit Finder","hostname":"example2.com","pid":27294,"level":30,"NODE_TLS_REJECT_UNAUTHORIZED":"1","msg":"Integration Environment Variables","time":"2021-03-19T13:18:45.023Z","v":0}
{"name":"Exploit Finder","hostname":"example2.com","pid":27576,"level":30,"msg":"Logger created for /app/polarity-server/integrations/exploit-finder","time":"2021-03-19T14:14:50.718Z","v":0}
{"name":"Exploit Finder","hostname":"example2.com","pid":27576,"level":30,"msg":"Calling integration's startup function.","time":"2021-03-19T14:14:50.720Z","v":0}
{"name":"Exploit Finder","hostname":"example2.com","pid":27576,"level":30,"msg":"Integration started.","time":"2021-03-19T14:14:50.720Z","v":0}
{"name":"Exploit Finder","hostname":"example2.com","pid":27576,"level":30,"NODE_TLS_REJECT_UNAUTHORIZED":"1","msg":"Integration Environment Variables","time":"2021-03-19T14:14:50.720Z","v":0}
{"name":"YARA Finder","hostname":"example2.com","pid":1638,"level":30,"msg":"Logger created for /app/polarity-server/integrations/yara-finder","time":"2021-03-20T22:02:47.505Z","v":0}
{"name":"YARA Finder","hostname":"example2.com","pid":1638,"level":30,"msg":"Calling integration's startup function.","time":"2021-03-20T22:02:47.505Z","v":0}
{"name":"YARA Finder","hostname":"example2.com","pid":1638,"level":30,"msg":"Integration started.","time":"2021-03-20T22:02:47.505Z","v":0}
{"name":"YARA Finder","hostname":"example2.com","pid":1638,"level":30,"NODE_TLS_REJECT_UNAUTHORIZED":"1","msg":"Integration Environment Variables","time":"2021-03-20T22:02:47.506Z","v":0}
{"name":"YARA Finder","hostname":"example2.com","pid":1638,"level":30,"NODE_TLS_REJECT_UNAUTHORIZED":"1","msg":"Integration Environment Variable Updated","time":"2021-03-20T22:03:28.628Z","v":0}
{"name":"YARA Finder","hostname":"example2.com","pid":1678,"level":30,"msg":"Logger created for /app/polarity-server/integrations/yara-finder","time":"2021-03-20T22:04:48.986Z","v":0}
{"name":"YARA Finder","hostname":"example2.com","pid":1678,"level":30,"msg":"Calling integration's startup function.","time":"2021-03-20T22:04:48.986Z","v":0}
{"name":"YARA Finder","hostname":"example2.com","pid":1678,"level":30,"msg":"Integration started.","time":"2021-03-20T22:04:48.986Z","v":0}
{"name":"YARA Finder","hostname":"example2.com","pid":1678,"level":30,"NODE_TLS_REJECT_UNAUTHORIZED":"1","msg":"Integration Environment Variables","time":"2021-03-20T22:04:48.986Z","v":0}
{"name":"YARA Finder","hostname":"example2.com","pid":1693,"level":30,"msg":"Logger created for /app/polarity-server/integrations/yara-finder","time":"2021-03-20T22:05:02.755Z","v":0}
{"name":"YARA Finder","hostname":"example2.com","pid":1693,"level":30,"msg":"Calling integration's startup function.","time":"2021-03-20T22:05:02.756Z","v":0}
{"name":"YARA Finder","hostname":"example2.com","pid":1693,"level":30,"msg":"Integration started.","time":"2021-03-20T22:05:02.756Z","v":0}
{"name":"YARA Finder","hostname":"example2.com","pid":1693,"level":30,"NODE_TLS_REJECT_UNAUTHORIZED":"1","msg":"Integration Environment Variables","time":"2021-03-20T22:05:02.756Z","v":0}
{"name":"YARA Finder","hostname":"example2.com","pid":1729,"level":30,"msg":"Logger created for /app/polarity-server/integrations/yara-finder","time":"2021-03-20T22:09:24.019Z","v":0}
{"name":"YARA Finder","hostname":"example2.com","pid":1729,"level":30,"msg":"Calling integration's startup function.","time":"2021-03-20T22:09:24.019Z","v":0}
{"name":"YARA Finder","hostname":"example2.com","pid":1729,"level":30,"msg":"Integration started.","time":"2021-03-20T22:09:24.019Z","v":0}
{"name":"YARA Finder","hostname":"example2.com","pid":1729,"level":30,"NODE_TLS_REJECT_UNAUTHORIZED":"1","msg":"Integration Environment Variables","time":"2021-03-20T22:09:24.019Z","v":0}
{"name":"YARA Finder","hostname":"example2.com","pid":1729,"level":30,"NODE_TLS_REJECT_UNAUTHORIZED":"1","msg":"Integration Environment Variable Updated","time":"2021-03-21T14:43:57.059Z","v":0}
{"name":"YARA Finder","hostname":"example2.com","pid":4959,"level":30,"msg":"Logger created for /app/polarity-server/integrations/yara-finder","time":"2021-03-21T14:56:43.100Z","v":0}
{"name":"YARA Finder","hostname":"example2.com","pid":4959,"level":30,"msg":"Calling integration's startup function.","time":"2021-03-21T14:56:43.100Z","v":0}
{"name":"YARA Finder","hostname":"example2.com","pid":4959,"level":30,"msg":"Integration started.","time":"2021-03-21T14:56:43.101Z","v":0}
{"name":"YARA Finder","hostname":"example2.com","pid":4959,"level":30,"NODE_TLS_REJECT_UNAUTHORIZED":"1","msg":"Integration Environment Variables","time":"2021-03-21T14:56:43.101Z","v":0}
{"name":"YARA Finder","hostname":"example2.com","pid":4973,"level":30,"msg":"Logger created for /app/polarity-server/integrations/yara-finder","time":"2021-03-21T14:57:25.667Z","v":0}
{"name":"YARA Finder","hostname":"example2.com","pid":4973,"level":30,"msg":"Calling integration's startup function.","time":"2021-03-21T14:57:25.668Z","v":0}
{"name":"YARA Finder","hostname":"example2.com","pid":4973,"level":30,"msg":"Integration started.","time":"2021-03-21T14:57:25.668Z","v":0}
{"name":"YARA Finder","hostname":"example2.com","pid":4973,"level":30,"NODE_TLS_REJECT_UNAUTHORIZED":"1","msg":"Integration Environment Variables","time":"2021-03-21T14:57:25.668Z","v":0}
{"name":"YARA Finder","hostname":"example2.com","pid":5064,"level":30,"msg":"Logger created for /app/polarity-server/integrations/yara-finder","time":"2021-03-21T15:16:15.490Z","v":0}
{"name":"YARA Finder","hostname":"example2.com","pid":5064,"level":30,"msg":"Calling integration's startup function.","time":"2021-03-21T15:16:15.491Z","v":0}
{"name":"YARA Finder","hostname":"example2.com","pid":5064,"level":30,"msg":"Integration started.","time":"2021-03-21T15:16:15.491Z","v":0}
{"name":"YARA Finder","hostname":"example2.com","pid":5064,"level":30,"NODE_TLS_REJECT_UNAUTHORIZED":"1","msg":"Integration Environment Variables","time":"2021-03-21T15:16:15.491Z","v":0}
{"name":"YARA Finder","hostname":"example2.com","pid":9519,"level":30,"msg":"Logger created for /app/polarity-server/integrations/yara-finder","time":"2021-03-22T15:13:52.346Z","v":0}
{"name":"YARA Finder","hostname":"example2.com","pid":9519,"level":30,"msg":"Calling integration's startup function.","time":"2021-03-22T15:13:52.346Z","v":0}
{"name":"YARA Finder","hostname":"example2.com","pid":9519,"level":30,"msg":"Integration started.","time":"2021-03-22T15:13:52.346Z","v":0}
{"name":"YARA Finder","hostname":"example2.com","pid":9519,"level":30,"NODE_TLS_REJECT_UNAUTHORIZED":"1","msg":"Integration Environment Variables","time":"2021-03-22T15:13:52.346Z","v":0}
{"name":"YARA Finder","hostname":"example2.com","pid":3033,"level":30,"msg":"Logger created for /app/polarity-server/integrations/yara-finder","time":"2021-03-29T14:29:57.175Z","v":0}
{"name":"YARA Finder","hostname":"example2.com","pid":3033,"level":30,"msg":"Calling integration's startup function.","time":"2021-03-29T14:29:57.176Z","v":0}
{"name":"YARA Finder","hostname":"example2.com","pid":3033,"level":30,"msg":"Integration started.","time":"2021-03-29T14:29:57.176Z","v":0}
{"name":"YARA Finder","hostname":"example2.com","pid":3033,"level":30,"NODE_TLS_REJECT_UNAUTHORIZED":"1","msg":"Integration Environment Variables","time":"2021-03-29T14:29:57.176Z","v":0}
{"name":"YARA Finder","hostname":"example2.com","pid":8769,"level":30,"msg":"Logger created for /app/polarity-server/integrations/yara-finder","time":"2021-03-31T18:34:10.727Z","v":0}
{"name":"YARA Finder","hostname":"example2.com","pid":8769,"level":30,"msg":"Calling integration's startup function.","time":"2021-03-31T18:34:10.728Z","v":0}
{"name":"YARA Finder","hostname":"example2.com","pid":8769,"level":30,"msg":"Integration started.","time":"2021-03-31T18:34:10.728Z","v":0}
{"name":"YARA Finder","hostname":"example2.com","pid":8769,"level":30,"NODE_TLS_REJECT_UNAUTHORIZED":"1","msg":"Integration Environment Variables","time":"2021-03-31T18:34:10.728Z","v":0}
{"name":"Stackoverflow","hostname":"example2.com","pid":10357,"level":30,"msg":"Logger created for /app/polarity-server/integrations/stackoverflow","time":"2021-03-31T19:26:37.764Z","v":0}
{"name":"Stackoverflow","hostname":"example2.com","pid":10357,"level":30,"msg":"Calling integration's startup function.","time":"2021-03-31T19:26:37.765Z","v":0}
{"name":"Stackoverflow","hostname":"example2.com","pid":10357,"level":30,"msg":"Integration started.","time":"2021-03-31T19:26:37.765Z","v":0}
{"name":"Stackoverflow","hostname":"example2.com","pid":10357,"level":30,"NODE_TLS_REJECT_UNAUTHORIZED":"1","msg":"Integration Environment Variables","time":"2021-03-31T19:26:37.765Z","v":0}
{"name":"Stackoverflow","hostname":"example2.com","pid":10357,"level":30,"NODE_TLS_REJECT_UNAUTHORIZED":"1","msg":"Integration Environment Variable Updated","time":"2021-03-31T19:27:12.452Z","v":0}
{"name":"Stackoverflow","hostname":"example2.com","pid":10387,"level":30,"msg":"Logger created for /app/polarity-server/integrations/stackoverflow","time":"2021-03-31T19:28:17.420Z","v":0}
{"name":"Stackoverflow","hostname":"example2.com","pid":10387,"level":30,"msg":"Calling integration's startup function.","time":"2021-03-31T19:28:17.420Z","v":0}
{"name":"Stackoverflow","hostname":"example2.com","pid":10387,"level":30,"msg":"Integration started.","time":"2021-03-31T19:28:17.420Z","v":0}
{"name":"Stackoverflow","hostname":"example2.com","pid":10387,"level":30,"NODE_TLS_REJECT_UNAUTHORIZED":"1","msg":"Integration Environment Variables","time":"2021-03-31T19:28:17.420Z","v":0}
{"name":"Stackoverflow","hostname":"example2.com","pid":10685,"level":30,"msg":"Logger created for /app/polarity-server/integrations/stackoverflow","time":"2021-03-31T20:59:26.554Z","v":0}
{"name":"Stackoverflow","hostname":"example2.com","pid":10685,"level":30,"msg":"Calling integration's startup function.","time":"2021-03-31T20:59:26.555Z","v":0}
{"name":"Stackoverflow","hostname":"example2.com","pid":10685,"level":30,"msg":"Integration started.","time":"2021-03-31T20:59:26.555Z","v":0}
{"name":"Stackoverflow","hostname":"example2.com","pid":10685,"level":30,"NODE_TLS_REJECT_UNAUTHORIZED":"1","msg":"Integration Environment Variables","time":"2021-03-31T20:59:26.555Z","v":0}
{"name":"Stackoverflow","hostname":"example2.com","pid":10699,"level":30,"msg":"Logger created for /app/polarity-server/integrations/stackoverflow","time":"2021-03-31T21:00:26.028Z","v":0}
{"name":"Stackoverflow","hostname":"example2.com","pid":10699,"level":30,"msg":"Calling integration's startup function.","time":"2021-03-31T21:00:26.029Z","v":0}
{"name":"Stackoverflow","hostname":"example2.com","pid":10699,"level":30,"msg":"Integration started.","time":"2021-03-31T21:00:26.029Z","v":0}
{"name":"Stackoverflow","hostname":"example2.com","pid":10699,"level":30,"NODE_TLS_REJECT_UNAUTHORIZED":"1","msg":"Integration Environment Variables","time":"2021-03-31T21:00:26.029Z","v":0}
{"name":"Stackoverflow","hostname":"example2.com","pid":11662,"level":30,"msg":"Logger created for /app/polarity-server/integrations/stackoverflow","time":"2021-03-31T22:21:47.749Z","v":0}
{"name":"Stackoverflow","hostname":"example2.com","pid":11662,"level":30,"msg":"Calling integration's startup function.","time":"2021-03-31T22:21:47.750Z","v":0}
{"name":"Stackoverflow","hostname":"example2.com","pid":11662,"level":30,"msg":"Integration started.","time":"2021-03-31T22:21:47.750Z","v":0}
{"name":"Stackoverflow","hostname":"example2.com","pid":11662,"level":30,"NODE_TLS_REJECT_UNAUTHORIZED":"1","msg":"Integration Environment Variables","time":"2021-03-31T22:21:47.750Z","v":0}
{"name":"Stackoverflow","hostname":"example2.com","pid":14731,"level":30,"msg":"Logger created for /app/polarity-server/integrations/stackoverflow","time":"2021-04-01T16:46:47.607Z","v":0}
{"name":"Stackoverflow","hostname":"example2.com","pid":14731,"level":30,"msg":"Calling integration's startup function.","time":"2021-04-01T16:46:47.608Z","v":0}
{"name":"Stackoverflow","hostname":"example2.com","pid":14731,"level":30,"msg":"Integration started.","time":"2021-04-01T16:46:47.608Z","v":0}
{"name":"Stackoverflow","hostname":"example2.com","pid":14731,"level":30,"NODE_TLS_REJECT_UNAUTHORIZED":"1","msg":"Integration Environment Variables","time":"2021-04-01T16:46:47.608Z","v":0}
{"name":"Stackoverflow","hostname":"example2.com","pid":14731,"level":30,"NODE_TLS_REJECT_UNAUTHORIZED":"1","msg":"Integration Environment Variable Updated","time":"2021-04-01T16:46:55.835Z","v":0}
{"name":"Stackoverflow","hostname":"example2.com","pid":15945,"level":30,"msg":"Logger created for /app/polarity-server/integrations/stackoverflow","time":"2021-04-01T22:22:01.494Z","v":0}
{"name":"Stackoverflow","hostname":"example2.com","pid":15945,"level":30,"msg":"Calling integration's startup function.","time":"2021-04-01T22:22:01.494Z","v":0}
{"name":"Stackoverflow","hostname":"example2.com","pid":15945,"level":30,"msg":"Integration started.","time":"2021-04-01T22:22:01.494Z","v":0}
{"name":"Stackoverflow","hostname":"example2.com","pid":15945,"level":30,"NODE_TLS_REJECT_UNAUTHORIZED":"1","msg":"Integration Environment Variables","time":"2021-04-01T22:22:01.494Z","v":0}
{"name":"Stackoverflow","hostname":"example2.com","pid":15945,"level":50,"err":{"message":"userOptions is not defined","name":"ReferenceError","stack":"ReferenceError: userOptions is not defined\n    at _createQuery (/app/polarity-server/integrations/stackoverflow/integration.js:50:60)\n    at _searchEntity (/app/polarity-server/integrations/stackoverflow/integration.js:69:10)\n    at /app/polarity-server/integrations/stackoverflow/integration.js:121:7\n    at /app/polarity-server/integrations/stackoverflow/node_modules/async/dist/async.js:2948:28\n    at replenish (/app/polarity-server/integrations/stackoverflow/node_modules/async/dist/async.js:440:21)\n    at /app/polarity-server/integrations/stackoverflow/node_modules/async/dist/async.js:445:13\n    at /app/polarity-server/integrations/stackoverflow/node_modules/async/dist/async.js:2947:9\n    at awaitable (/app/polarity-server/integrations/stackoverflow/node_modules/async/dist/async.js:208:32)\n    at Object.parallelLimit (/app/polarity-server/integrations/stackoverflow/node_modules/async/dist/async.js:3053:16)\n    at Object.doLookup (/app/polarity-server/integrations/stackoverflow/integration.js:125:9)"},"msg":"Handling Uncaught Exception with Integration Logger: uncaughtException","time":"2021-04-01T22:22:23.564Z","v":0}
{"name":"Stackoverflow","hostname":"example2.com","pid":15945,"level":50,"msg":"Error UNCAUGHT_EXCEPTION There was an Uncaught Exception {\n  summary: { title: 'Uncaught Exception', code: 'UNCAUGHT_EXCEPTION' },\n  status: '500',\n  detail: 'There was an Uncaught Exception',\n  debug: {\n    message: 'userOptions is not defined',\n    stack: 'ReferenceError: userOptions is not defined\\n' +\n      '    at _createQuery (/app/polarity-server/integrations/stackoverflow/integration.js:50:60)\\n' +\n      '    at _searchEntity (/app/polarity-server/integrations/stackoverflow/integration.js:69:10)\\n' +\n      '    at /app/polarity-server/integrations/stackoverflow/integration.js:121:7\\n' +\n      '    at /app/polarity-server/integrations/stackoverflow/node_modules/async/dist/async.js:2948:28\\n' +\n      '    at replenish (/app/polarity-server/integrations/stackoverflow/node_modules/async/dist/async.js:440:21)\\n' +\n      '    at /app/polarity-server/integrations/stackoverflow/node_modules/async/dist/async.js:445:13\\n' +\n      '    at /app/polarity-server/integrations/stackoverflow/node_modules/async/dist/async.js:2947:9\\n' +\n      '    at awaitable (/app/polarity-server/integrations/stackoverflow/node_modules/async/dist/async.js:208:32)\\n' +\n      '    at Object.parallelLimit (/app/polarity-server/integrations/stackoverflow/node_modules/async/dist/async.js:3053:16)\\n' +\n      '    at Object.doLookup (/app/polarity-server/integrations/stackoverflow/integration.js:125:9)'\n  }\n}","time":"2021-04-01T22:22:23.566Z","v":0}
{"name":"Stackoverflow","hostname":"example2.com","pid":15963,"level":30,"msg":"Logger created for /app/polarity-server/integrations/stackoverflow","time":"2021-04-01T22:22:53.846Z","v":0}
{"name":"Stackoverflow","hostname":"example2.com","pid":15963,"level":30,"msg":"Calling integration's startup function.","time":"2021-04-01T22:22:53.847Z","v":0}
{"name":"Stackoverflow","hostname":"example2.com","pid":15963,"level":30,"msg":"Integration started.","time":"2021-04-01T22:22:53.847Z","v":0}
{"name":"Stackoverflow","hostname":"example2.com","pid":15963,"level":30,"NODE_TLS_REJECT_UNAUTHORIZED":"1","msg":"Integration Environment Variables","time":"2021-04-01T22:22:53.847Z","v":0}
{"name":"Stackoverflow","hostname":"example2.com","pid":15963,"level":50,"err":{"message":"userOptions is not defined","name":"ReferenceError","stack":"ReferenceError: userOptions is not defined\n    at _createQuery (/app/polarity-server/integrations/stackoverflow/integration.js:50:60)\n    at _searchEntity (/app/polarity-server/integrations/stackoverflow/integration.js:69:10)\n    at /app/polarity-server/integrations/stackoverflow/integration.js:121:7\n    at /app/polarity-server/integrations/stackoverflow/node_modules/async/dist/async.js:2948:28\n    at replenish (/app/polarity-server/integrations/stackoverflow/node_modules/async/dist/async.js:440:21)\n    at /app/polarity-server/integrations/stackoverflow/node_modules/async/dist/async.js:445:13\n    at /app/polarity-server/integrations/stackoverflow/node_modules/async/dist/async.js:2947:9\n    at awaitable (/app/polarity-server/integrations/stackoverflow/node_modules/async/dist/async.js:208:32)\n    at Object.parallelLimit (/app/polarity-server/integrations/stackoverflow/node_modules/async/dist/async.js:3053:16)\n    at Object.doLookup (/app/polarity-server/integrations/stackoverflow/integration.js:125:9)"},"msg":"Handling Uncaught Exception with Integration Logger: uncaughtException","time":"2021-04-01T22:23:08.249Z","v":0}
{"name":"Stackoverflow","hostname":"example2.com","pid":15963,"level":50,"msg":"Error UNCAUGHT_EXCEPTION There was an Uncaught Exception {\n  summary: { title: 'Uncaught Exception', code: 'UNCAUGHT_EXCEPTION' },\n  status: '500',\n  detail: 'There was an Uncaught Exception',\n  debug: {\n    message: 'userOptions is not defined',\n    stack: 'ReferenceError: userOptions is not defined\\n' +\n      '    at _createQuery (/app/polarity-server/integrations/stackoverflow/integration.js:50:60)\\n' +\n      '    at _searchEntity (/app/polarity-server/integrations/stackoverflow/integration.js:69:10)\\n' +\n      '    at /app/polarity-server/integrations/stackoverflow/integration.js:121:7\\n' +\n      '    at /app/polarity-server/integrations/stackoverflow/node_modules/async/dist/async.js:2948:28\\n' +\n      '    at replenish (/app/polarity-server/integrations/stackoverflow/node_modules/async/dist/async.js:440:21)\\n' +\n      '    at /app/polarity-server/integrations/stackoverflow/node_modules/async/dist/async.js:445:13\\n' +\n      '    at /app/polarity-server/integrations/stackoverflow/node_modules/async/dist/async.js:2947:9\\n' +\n      '    at awaitable (/app/polarity-server/integrations/stackoverflow/node_modules/async/dist/async.js:208:32)\\n' +\n      '    at Object.parallelLimit (/app/polarity-server/integrations/stackoverflow/node_modules/async/dist/async.js:3053:16)\\n' +\n      '    at Object.doLookup (/app/polarity-server/integrations/stackoverflow/integration.js:125:9)'\n  }\n}","time":"2021-04-01T22:23:08.263Z","v":0}
{"name":"Stackoverflow","hostname":"example2.com","pid":15979,"level":30,"msg":"Logger created for /app/polarity-server/integrations/stackoverflow","time":"2021-04-01T22:23:38.662Z","v":0}
{"name":"Stackoverflow","hostname":"example2.com","pid":15979,"level":30,"msg":"Calling integration's startup function.","time":"2021-04-01T22:23:38.662Z","v":0}
{"name":"Stackoverflow","hostname":"example2.com","pid":15979,"level":30,"msg":"Integration started.","time":"2021-04-01T22:23:38.662Z","v":0}
{"name":"Stackoverflow","hostname":"example2.com","pid":15979,"level":30,"NODE_TLS_REJECT_UNAUTHORIZED":"1","msg":"Integration Environment Variables","time":"2021-04-01T22:23:38.662Z","v":0}
{"name":"Stackoverflow","hostname":"example2.com","pid":16005,"level":30,"msg":"Logger created for /app/polarity-server/integrations/stackoverflow","time":"2021-04-01T22:28:07.673Z","v":0}
{"name":"Stackoverflow","hostname":"example2.com","pid":16005,"level":30,"msg":"Calling integration's startup function.","time":"2021-04-01T22:28:07.674Z","v":0}
{"name":"Stackoverflow","hostname":"example2.com","pid":16005,"level":30,"msg":"Integration started.","time":"2021-04-01T22:28:07.674Z","v":0}
{"name":"Stackoverflow","hostname":"example2.com","pid":16005,"level":30,"NODE_TLS_REJECT_UNAUTHORIZED":"1","msg":"Integration Environment Variables","time":"2021-04-01T22:28:07.674Z","v":0}
{"name":"Stackoverflow","hostname":"example2.com","pid":16005,"level":50,"err":{"message":"userOptions is not defined","name":"ReferenceError","stack":"ReferenceError: userOptions is not defined\n    at _createQuery (/app/polarity-server/integrations/stackoverflow/integration.js:50:60)\n    at _searchEntity (/app/polarity-server/integrations/stackoverflow/integration.js:69:10)\n    at /app/polarity-server/integrations/stackoverflow/integration.js:121:7\n    at /app/polarity-server/integrations/stackoverflow/node_modules/async/dist/async.js:2948:28\n    at replenish (/app/polarity-server/integrations/stackoverflow/node_modules/async/dist/async.js:440:21)\n    at /app/polarity-server/integrations/stackoverflow/node_modules/async/dist/async.js:445:13\n    at /app/polarity-server/integrations/stackoverflow/node_modules/async/dist/async.js:2947:9\n    at awaitable (/app/polarity-server/integrations/stackoverflow/node_modules/async/dist/async.js:208:32)\n    at Object.parallelLimit (/app/polarity-server/integrations/stackoverflow/node_modules/async/dist/async.js:3053:16)\n    at Object.doLookup (/app/polarity-server/integrations/stackoverflow/integration.js:125:9)"},"msg":"Handling Uncaught Exception with Integration Logger: uncaughtException","time":"2021-04-01T22:28:15.266Z","v":0}
{"name":"Stackoverflow","hostname":"example2.com","pid":16005,"level":50,"msg":"Error UNCAUGHT_EXCEPTION There was an Uncaught Exception {\n  summary: { title: 'Uncaught Exception', code: 'UNCAUGHT_EXCEPTION' },\n  status: '500',\n  detail: 'There was an Uncaught Exception',\n  debug: {\n    message: 'userOptions is not defined',\n    stack: 'ReferenceError: userOptions is not defined\\n' +\n      '    at _createQuery (/app/polarity-server/integrations/stackoverflow/integration.js:50:60)\\n' +\n      '    at _searchEntity (/app/polarity-server/integrations/stackoverflow/integration.js:69:10)\\n' +\n      '    at /app/polarity-server/integrations/stackoverflow/integration.js:121:7\\n' +\n      '    at /app/polarity-server/integrations/stackoverflow/node_modules/async/dist/async.js:2948:28\\n' +\n      '    at replenish (/app/polarity-server/integrations/stackoverflow/node_modules/async/dist/async.js:440:21)\\n' +\n      '    at /app/polarity-server/integrations/stackoverflow/node_modules/async/dist/async.js:445:13\\n' +\n      '    at /app/polarity-server/integrations/stackoverflow/node_modules/async/dist/async.js:2947:9\\n' +\n      '    at awaitable (/app/polarity-server/integrations/stackoverflow/node_modules/async/dist/async.js:208:32)\\n' +\n      '    at Object.parallelLimit (/app/polarity-server/integrations/stackoverflow/node_modules/async/dist/async.js:3053:16)\\n' +\n      '    at Object.doLookup (/app/polarity-server/integrations/stackoverflow/integration.js:125:9)'\n  }\n}","time":"2021-04-01T22:28:15.269Z","v":0}
{"name":"Stackoverflow","hostname":"example2.com","pid":16023,"level":30,"msg":"Logger created for /app/polarity-server/integrations/stackoverflow","time":"2021-04-01T22:28:45.575Z","v":0}
{"name":"Stackoverflow","hostname":"example2.com","pid":16023,"level":30,"msg":"Calling integration's startup function.","time":"2021-04-01T22:28:45.576Z","v":0}
{"name":"Stackoverflow","hostname":"example2.com","pid":16023,"level":30,"msg":"Integration started.","time":"2021-04-01T22:28:45.576Z","v":0}
{"name":"Stackoverflow","hostname":"example2.com","pid":16023,"level":30,"NODE_TLS_REJECT_UNAUTHORIZED":"1","msg":"Integration Environment Variables","time":"2021-04-01T22:28:45.576Z","v":0}
{"name":"Stackoverflow","hostname":"example2.com","pid":16039,"level":30,"msg":"Logger created for /app/polarity-server/integrations/stackoverflow","time":"2021-04-01T22:30:04.272Z","v":0}
{"name":"Stackoverflow","hostname":"example2.com","pid":16039,"level":30,"msg":"Calling integration's startup function.","time":"2021-04-01T22:30:04.272Z","v":0}
{"name":"Stackoverflow","hostname":"example2.com","pid":16039,"level":30,"msg":"Integration started.","time":"2021-04-01T22:30:04.273Z","v":0}
{"name":"Stackoverflow","hostname":"example2.com","pid":16039,"level":30,"NODE_TLS_REJECT_UNAUTHORIZED":"1","msg":"Integration Environment Variables","time":"2021-04-01T22:30:04.273Z","v":0}
{"name":"Stackoverflow","hostname":"example2.com","pid":16039,"level":50,"err":{"message":"userOptions is not defined","name":"ReferenceError","stack":"ReferenceError: userOptions is not defined\n    at _createQuery (/app/polarity-server/integrations/stackoverflow/integration.js:50:60)\n    at _searchEntity (/app/polarity-server/integrations/stackoverflow/integration.js:69:10)\n    at /app/polarity-server/integrations/stackoverflow/integration.js:121:7\n    at /app/polarity-server/integrations/stackoverflow/node_modules/async/dist/async.js:2948:28\n    at replenish (/app/polarity-server/integrations/stackoverflow/node_modules/async/dist/async.js:440:21)\n    at /app/polarity-server/integrations/stackoverflow/node_modules/async/dist/async.js:445:13\n    at /app/polarity-server/integrations/stackoverflow/node_modules/async/dist/async.js:2947:9\n    at awaitable (/app/polarity-server/integrations/stackoverflow/node_modules/async/dist/async.js:208:32)\n    at Object.parallelLimit (/app/polarity-server/integrations/stackoverflow/node_modules/async/dist/async.js:3053:16)\n    at Object.doLookup (/app/polarity-server/integrations/stackoverflow/integration.js:125:9)"},"msg":"Handling Uncaught Exception with Integration Logger: uncaughtException","time":"2021-04-01T22:30:12.124Z","v":0}
{"name":"Stackoverflow","hostname":"example2.com","pid":16039,"level":50,"msg":"Error UNCAUGHT_EXCEPTION There was an Uncaught Exception {\n  summary: { title: 'Uncaught Exception', code: 'UNCAUGHT_EXCEPTION' },\n  status: '500',\n  detail: 'There was an Uncaught Exception',\n  debug: {\n    message: 'userOptions is not defined',\n    stack: 'ReferenceError: userOptions is not defined\\n' +\n      '    at _createQuery (/app/polarity-server/integrations/stackoverflow/integration.js:50:60)\\n' +\n      '    at _searchEntity (/app/polarity-server/integrations/stackoverflow/integration.js:69:10)\\n' +\n      '    at /app/polarity-server/integrations/stackoverflow/integration.js:121:7\\n' +\n      '    at /app/polarity-server/integrations/stackoverflow/node_modules/async/dist/async.js:2948:28\\n' +\n      '    at replenish (/app/polarity-server/integrations/stackoverflow/node_modules/async/dist/async.js:440:21)\\n' +\n      '    at /app/polarity-server/integrations/stackoverflow/node_modules/async/dist/async.js:445:13\\n' +\n      '    at /app/polarity-server/integrations/stackoverflow/node_modules/async/dist/async.js:2947:9\\n' +\n      '    at awaitable (/app/polarity-server/integrations/stackoverflow/node_modules/async/dist/async.js:208:32)\\n' +\n      '    at Object.parallelLimit (/app/polarity-server/integrations/stackoverflow/node_modules/async/dist/async.js:3053:16)\\n' +\n      '    at Object.doLookup (/app/polarity-server/integrations/stackoverflow/integration.js:125:9)'\n  }\n}","time":"2021-04-01T22:30:12.126Z","v":0}
{"name":"Stackoverflow","hostname":"example2.com","pid":16056,"level":30,"msg":"Logger created for /app/polarity-server/integrations/stackoverflow","time":"2021-04-01T22:30:22.199Z","v":0}
{"name":"Stackoverflow","hostname":"example2.com","pid":16056,"level":30,"msg":"Calling integration's startup function.","time":"2021-04-01T22:30:22.200Z","v":0}
{"name":"Stackoverflow","hostname":"example2.com","pid":16056,"level":30,"msg":"Integration started.","time":"2021-04-01T22:30:22.200Z","v":0}
{"name":"Stackoverflow","hostname":"example2.com","pid":16056,"level":30,"NODE_TLS_REJECT_UNAUTHORIZED":"1","msg":"Integration Environment Variables","time":"2021-04-01T22:30:22.200Z","v":0}
{"name":"Stackoverflow","hostname":"example2.com","pid":16056,"level":50,"err":{"message":"userOptions is not defined","name":"ReferenceError","stack":"ReferenceError: userOptions is not defined\n    at _createQuery (/app/polarity-server/integrations/stackoverflow/integration.js:50:60)\n    at _searchEntity (/app/polarity-server/integrations/stackoverflow/integration.js:69:10)\n    at /app/polarity-server/integrations/stackoverflow/integration.js:121:7\n    at /app/polarity-server/integrations/stackoverflow/node_modules/async/dist/async.js:2948:28\n    at replenish (/app/polarity-server/integrations/stackoverflow/node_modules/async/dist/async.js:440:21)\n    at /app/polarity-server/integrations/stackoverflow/node_modules/async/dist/async.js:445:13\n    at /app/polarity-server/integrations/stackoverflow/node_modules/async/dist/async.js:2947:9\n    at awaitable (/app/polarity-server/integrations/stackoverflow/node_modules/async/dist/async.js:208:32)\n    at Object.parallelLimit (/app/polarity-server/integrations/stackoverflow/node_modules/async/dist/async.js:3053:16)\n    at Object.doLookup (/app/polarity-server/integrations/stackoverflow/integration.js:125:9)"},"msg":"Handling Uncaught Exception with Integration Logger: uncaughtException","time":"2021-04-01T22:30:34.702Z","v":0}
{"name":"Stackoverflow","hostname":"example2.com","pid":16056,"level":50,"msg":"Error UNCAUGHT_EXCEPTION There was an Uncaught Exception {\n  summary: { title: 'Uncaught Exception', code: 'UNCAUGHT_EXCEPTION' },\n  status: '500',\n  detail: 'There was an Uncaught Exception',\n  debug: {\n    message: 'userOptions is not defined',\n    stack: 'ReferenceError: userOptions is not defined\\n' +\n      '    at _createQuery (/app/polarity-server/integrations/stackoverflow/integration.js:50:60)\\n' +\n      '    at _searchEntity (/app/polarity-server/integrations/stackoverflow/integration.js:69:10)\\n' +\n      '    at /app/polarity-server/integrations/stackoverflow/integration.js:121:7\\n' +\n      '    at /app/polarity-server/integrations/stackoverflow/node_modules/async/dist/async.js:2948:28\\n' +\n      '    at replenish (/app/polarity-server/integrations/stackoverflow/node_modules/async/dist/async.js:440:21)\\n' +\n      '    at /app/polarity-server/integrations/stackoverflow/node_modules/async/dist/async.js:445:13\\n' +\n      '    at /app/polarity-server/integrations/stackoverflow/node_modules/async/dist/async.js:2947:9\\n' +\n      '    at awaitable (/app/polarity-server/integrations/stackoverflow/node_modules/async/dist/async.js:208:32)\\n' +\n      '    at Object.parallelLimit (/app/polarity-server/integrations/stackoverflow/node_modules/async/dist/async.js:3053:16)\\n' +\n      '    at Object.doLookup (/app/polarity-server/integrations/stackoverflow/integration.js:125:9)'\n  }\n}","time":"2021-04-01T22:30:34.703Z","v":0}
{"name":"Stackoverflow","hostname":"example2.com","pid":16071,"level":30,"msg":"Logger created for /app/polarity-server/integrations/stackoverflow","time":"2021-04-01T22:31:04.991Z","v":0}
{"name":"Stackoverflow","hostname":"example2.com","pid":16071,"level":30,"msg":"Calling integration's startup function.","time":"2021-04-01T22:31:04.992Z","v":0}
{"name":"Stackoverflow","hostname":"example2.com","pid":16071,"level":30,"msg":"Integration started.","time":"2021-04-01T22:31:04.992Z","v":0}
{"name":"Stackoverflow","hostname":"example2.com","pid":16071,"level":30,"NODE_TLS_REJECT_UNAUTHORIZED":"1","msg":"Integration Environment Variables","time":"2021-04-01T22:31:04.992Z","v":0}
{"name":"Stackoverflow","hostname":"example2.com","pid":16090,"level":30,"msg":"Logger created for /app/polarity-server/integrations/stackoverflow","time":"2021-04-01T22:31:44.212Z","v":0}
{"name":"Stackoverflow","hostname":"example2.com","pid":16090,"level":30,"msg":"Calling integration's startup function.","time":"2021-04-01T22:31:44.212Z","v":0}
{"name":"Stackoverflow","hostname":"example2.com","pid":16090,"level":30,"msg":"Integration started.","time":"2021-04-01T22:31:44.212Z","v":0}
{"name":"Stackoverflow","hostname":"example2.com","pid":16090,"level":30,"NODE_TLS_REJECT_UNAUTHORIZED":"1","msg":"Integration Environment Variables","time":"2021-04-01T22:31:44.212Z","v":0}
{"name":"Stackoverflow","hostname":"example2.com","pid":16135,"level":30,"msg":"Logger created for /app/polarity-server/integrations/stackoverflow","time":"2021-04-01T22:41:21.901Z","v":0}
{"name":"Stackoverflow","hostname":"example2.com","pid":16135,"level":30,"msg":"Calling integration's startup function.","time":"2021-04-01T22:41:21.901Z","v":0}
{"name":"Stackoverflow","hostname":"example2.com","pid":16135,"level":30,"msg":"Integration started.","time":"2021-04-01T22:41:21.901Z","v":0}
{"name":"Stackoverflow","hostname":"example2.com","pid":16135,"level":30,"NODE_TLS_REJECT_UNAUTHORIZED":"1","msg":"Integration Environment Variables","time":"2021-04-01T22:41:21.901Z","v":0}
{"name":"Stackoverflow","hostname":"example2.com","pid":16172,"level":30,"msg":"Logger created for /app/polarity-server/integrations/stackoverflow","time":"2021-04-01T22:43:38.817Z","v":0}
{"name":"Stackoverflow","hostname":"example2.com","pid":16172,"level":30,"msg":"Calling integration's startup function.","time":"2021-04-01T22:43:38.817Z","v":0}
{"name":"Stackoverflow","hostname":"example2.com","pid":16172,"level":30,"msg":"Integration started.","time":"2021-04-01T22:43:38.818Z","v":0}
{"name":"Stackoverflow","hostname":"example2.com","pid":16172,"level":30,"NODE_TLS_REJECT_UNAUTHORIZED":"1","msg":"Integration Environment Variables","time":"2021-04-01T22:43:38.818Z","v":0}
{"name":"Stackoverflow","hostname":"example2.com","pid":16191,"level":30,"msg":"Logger created for /app/polarity-server/integrations/stackoverflow","time":"2021-04-01T22:44:07.620Z","v":0}
{"name":"Stackoverflow","hostname":"example2.com","pid":16191,"level":30,"msg":"Calling integration's startup function.","time":"2021-04-01T22:44:07.621Z","v":0}
{"name":"Stackoverflow","hostname":"example2.com","pid":16191,"level":30,"msg":"Integration started.","time":"2021-04-01T22:44:07.621Z","v":0}
{"name":"Stackoverflow","hostname":"example2.com","pid":16191,"level":30,"NODE_TLS_REJECT_UNAUTHORIZED":"1","msg":"Integration Environment Variables","time":"2021-04-01T22:44:07.621Z","v":0}
{"name":"Stackoverflow","hostname":"example2.com","pid":17379,"level":30,"msg":"Logger created for /app/polarity-server/integrations/stackoverflow","time":"2021-04-02T04:08:43.465Z","v":0}
{"name":"Stackoverflow","hostname":"example2.com","pid":17379,"level":30,"msg":"Calling integration's startup function.","time":"2021-04-02T04:08:43.466Z","v":0}
{"name":"Stackoverflow","hostname":"example2.com","pid":17379,"level":30,"msg":"Integration started.","time":"2021-04-02T04:08:43.466Z","v":0}
{"name":"Stackoverflow","hostname":"example2.com","pid":17379,"level":30,"NODE_TLS_REJECT_UNAUTHORIZED":"1","msg":"Integration Environment Variables","time":"2021-04-02T04:08:43.466Z","v":0}
{"name":"Stackoverflow","hostname":"example2.com","pid":17452,"level":30,"msg":"Logger created for /app/polarity-server/integrations/stackoverflow","time":"2021-04-02T04:28:08.797Z","v":0}
{"name":"Stackoverflow","hostname":"example2.com","pid":17452,"level":30,"msg":"Calling integration's startup function.","time":"2021-04-02T04:28:08.798Z","v":0}
{"name":"Stackoverflow","hostname":"example2.com","pid":17452,"level":30,"msg":"Integration started.","time":"2021-04-02T04:28:08.798Z","v":0}
{"name":"Stackoverflow","hostname":"example2.com","pid":17452,"level":30,"NODE_TLS_REJECT_UNAUTHORIZED":"1","msg":"Integration Environment Variables","time":"2021-04-02T04:28:08.798Z","v":0}
{"name":"Stackoverflow","hostname":"example2.com","pid":17452,"level":50,"err":{"message":"entity.value.contains is not a function","name":"TypeError","stack":"TypeError: entity.value.contains is not a function\n    at _createQuery (/app/polarity-server/integrations/stackoverflow/integration.js:51:20)\n    at _searchEntity (/app/polarity-server/integrations/stackoverflow/integration.js:76:10)\n    at /app/polarity-server/integrations/stackoverflow/integration.js:128:7\n    at /app/polarity-server/integrations/stackoverflow/node_modules/async/dist/async.js:2948:28\n    at replenish (/app/polarity-server/integrations/stackoverflow/node_modules/async/dist/async.js:440:21)\n    at /app/polarity-server/integrations/stackoverflow/node_modules/async/dist/async.js:445:13\n    at /app/polarity-server/integrations/stackoverflow/node_modules/async/dist/async.js:2947:9\n    at awaitable (/app/polarity-server/integrations/stackoverflow/node_modules/async/dist/async.js:208:32)\n    at Object.parallelLimit (/app/polarity-server/integrations/stackoverflow/node_modules/async/dist/async.js:3053:16)\n    at Object.doLookup (/app/polarity-server/integrations/stackoverflow/integration.js:132:9)"},"msg":"Handling Uncaught Exception with Integration Logger: uncaughtException","time":"2021-04-02T04:28:44.442Z","v":0}
{"name":"Stackoverflow","hostname":"example2.com","pid":17452,"level":50,"msg":"Error UNCAUGHT_EXCEPTION There was an Uncaught Exception {\n  summary: { title: 'Uncaught Exception', code: 'UNCAUGHT_EXCEPTION' },\n  status: '500',\n  detail: 'There was an Uncaught Exception',\n  debug: {\n    message: 'entity.value.contains is not a function',\n    stack: 'TypeError: entity.value.contains is not a function\\n' +\n      '    at _createQuery (/app/polarity-server/integrations/stackoverflow/integration.js:51:20)\\n' +\n      '    at _searchEntity (/app/polarity-server/integrations/stackoverflow/integration.js:76:10)\\n' +\n      '    at /app/polarity-server/integrations/stackoverflow/integration.js:128:7\\n' +\n      '    at /app/polarity-server/integrations/stackoverflow/node_modules/async/dist/async.js:2948:28\\n' +\n      '    at replenish (/app/polarity-server/integrations/stackoverflow/node_modules/async/dist/async.js:440:21)\\n' +\n      '    at /app/polarity-server/integrations/stackoverflow/node_modules/async/dist/async.js:445:13\\n' +\n      '    at /app/polarity-server/integrations/stackoverflow/node_modules/async/dist/async.js:2947:9\\n' +\n      '    at awaitable (/app/polarity-server/integrations/stackoverflow/node_modules/async/dist/async.js:208:32)\\n' +\n      '    at Object.parallelLimit (/app/polarity-server/integrations/stackoverflow/node_modules/async/dist/async.js:3053:16)\\n' +\n      '    at Object.doLookup (/app/polarity-server/integrations/stackoverflow/integration.js:132:9)'\n  }\n}","time":"2021-04-02T04:28:44.444Z","v":0}
{"name":"Stackoverflow","hostname":"example2.com","pid":17478,"level":30,"msg":"Logger created for /app/polarity-server/integrations/stackoverflow","time":"2021-04-02T04:29:14.790Z","v":0}
{"name":"Stackoverflow","hostname":"example2.com","pid":17478,"level":30,"msg":"Calling integration's startup function.","time":"2021-04-02T04:29:14.791Z","v":0}
{"name":"Stackoverflow","hostname":"example2.com","pid":17478,"level":30,"msg":"Integration started.","time":"2021-04-02T04:29:14.791Z","v":0}
{"name":"Stackoverflow","hostname":"example2.com","pid":17478,"level":30,"NODE_TLS_REJECT_UNAUTHORIZED":"1","msg":"Integration Environment Variables","time":"2021-04-02T04:29:14.791Z","v":0}
{"name":"Stackoverflow","hostname":"example2.com","pid":17508,"level":30,"msg":"Logger created for /app/polarity-server/integrations/stackoverflow","time":"2021-04-02T04:31:02.417Z","v":0}
{"name":"Stackoverflow","hostname":"example2.com","pid":17508,"level":30,"msg":"Calling integration's startup function.","time":"2021-04-02T04:31:02.418Z","v":0}
{"name":"Stackoverflow","hostname":"example2.com","pid":17508,"level":30,"msg":"Integration started.","time":"2021-04-02T04:31:02.418Z","v":0}
{"name":"Stackoverflow","hostname":"example2.com","pid":17508,"level":30,"NODE_TLS_REJECT_UNAUTHORIZED":"1","msg":"Integration Environment Variables","time":"2021-04-02T04:31:02.419Z","v":0}
